<?xml version="1.0" encoding="UTF-8"?>
<!-- Generated by org.testng.reporters.JUnitXMLReporter -->
<testsuite hostname="DESKTOP-H5MGN3S" ignored="0" name="Default test" tests="3" failures="0" timestamp="05 Jan 2019 20:18:56 GMT" time="21.34" errors="0">
  <testcase name="loginPageTitle" time="0.018" classname="com.test.testcases.LoginTest"/>
  <testcase name="LogoimmageTest" time="0.043" classname="com.test.testcases.LoginTest"/>
  <testcase name="loginTest" time="2.29" classname="com.test.testcases.LoginTest"/>
</testsuite> <!-- Default test -->
