<?xml version="1.0" encoding="UTF-8"?>
<testng-results skipped="0" failed="0" ignored="0" total="3" passed="3">
  <reporter-output>
  </reporter-output>
  <suite name="Default suite" duration-ms="21340" started-at="2019-01-05T20:18:34Z" finished-at="2019-01-05T20:18:56Z">
    <groups>
    </groups>
    <test name="Default test" duration-ms="21340" started-at="2019-01-05T20:18:34Z" finished-at="2019-01-05T20:18:56Z">
      <class name="com.test.testcases.LoginTest">
        <test-method status="PASS" signature="setUp()[pri:0, instance:com.test.testcases.LoginTest@685cb137]" name="setUp" is-config="true" duration-ms="6034" started-at="2019-01-05T20:18:34Z" finished-at="2019-01-05T20:18:40Z">
          <reporter-output>
          </reporter-output>
        </test-method> <!-- setUp -->
        <test-method status="PASS" signature="loginPageTitle()[pri:1, instance:com.test.testcases.LoginTest@685cb137]" name="loginPageTitle" duration-ms="18" started-at="2019-01-05T20:18:40Z" finished-at="2019-01-05T20:18:40Z">
          <reporter-output>
          </reporter-output>
        </test-method> <!-- loginPageTitle -->
        <test-method status="PASS" signature="tearDown()[pri:0, instance:com.test.testcases.LoginTest@685cb137]" name="tearDown" is-config="true" duration-ms="1309" started-at="2019-01-05T20:18:40Z" finished-at="2019-01-05T20:18:42Z">
          <reporter-output>
          </reporter-output>
        </test-method> <!-- tearDown -->
        <test-method status="PASS" signature="setUp()[pri:0, instance:com.test.testcases.LoginTest@685cb137]" name="setUp" is-config="true" duration-ms="4766" started-at="2019-01-05T20:18:42Z" finished-at="2019-01-05T20:18:46Z">
          <reporter-output>
          </reporter-output>
        </test-method> <!-- setUp -->
        <test-method status="PASS" signature="LogoimmageTest()[pri:2, instance:com.test.testcases.LoginTest@685cb137]" name="LogoimmageTest" duration-ms="43" started-at="2019-01-05T20:18:46Z" finished-at="2019-01-05T20:18:46Z">
          <reporter-output>
          </reporter-output>
        </test-method> <!-- LogoimmageTest -->
        <test-method status="PASS" signature="tearDown()[pri:0, instance:com.test.testcases.LoginTest@685cb137]" name="tearDown" is-config="true" duration-ms="971" started-at="2019-01-05T20:18:46Z" finished-at="2019-01-05T20:18:47Z">
          <reporter-output>
          </reporter-output>
        </test-method> <!-- tearDown -->
        <test-method status="PASS" signature="setUp()[pri:0, instance:com.test.testcases.LoginTest@685cb137]" name="setUp" is-config="true" duration-ms="4848" started-at="2019-01-05T20:18:47Z" finished-at="2019-01-05T20:18:52Z">
          <reporter-output>
          </reporter-output>
        </test-method> <!-- setUp -->
        <test-method status="PASS" signature="loginTest()[pri:3, instance:com.test.testcases.LoginTest@685cb137]" name="loginTest" duration-ms="2290" started-at="2019-01-05T20:18:52Z" finished-at="2019-01-05T20:18:55Z">
          <reporter-output>
          </reporter-output>
        </test-method> <!-- loginTest -->
        <test-method status="PASS" signature="tearDown()[pri:0, instance:com.test.testcases.LoginTest@685cb137]" name="tearDown" is-config="true" duration-ms="1020" started-at="2019-01-05T20:18:55Z" finished-at="2019-01-05T20:18:56Z">
          <reporter-output>
          </reporter-output>
        </test-method> <!-- tearDown -->
      </class> <!-- com.test.testcases.LoginTest -->
    </test> <!-- Default test -->
  </suite> <!-- Default suite -->
</testng-results>
